[2m2021-03-07 09:38:33.843[0;39m [  ] [32m INFO[0;39m [35m200658[0;39m [2m---[0;39m [2m[  restartedMain][0;39m [36mcom.revature.Project1Application        [0;39m [2m:[0;39m Starting Project1Application using Java 1.8.0_282 on matthew-g74sx with PID 200658 (/home/matthew/Revature/project1/target/classes started by matthew in /home/matthew/Revature/project1)
[2m2021-03-07 09:38:33.853[0;39m [  ] [32m INFO[0;39m [35m200658[0;39m [2m---[0;39m [2m[  restartedMain][0;39m [36mcom.revature.Project1Application        [0;39m [2m:[0;39m No active profile set, falling back to default profiles: default
[2m2021-03-07 09:38:40.617[0;39m [  ] [32m INFO[0;39m [35m200658[0;39m [2m---[0;39m [2m[  restartedMain][0;39m [36mcom.revature.Project1Application        [0;39m [2m:[0;39m Started Project1Application in 7.229 seconds (JVM running for 8.129)
[2m2021-03-07 09:40:37.740[0;39m [  ] [32m INFO[0;39m [35m200658[0;39m [2m---[0;39m [2m[nio-8080-exec-2][0;39m [36mcom.revature.services.UserService       [0;39m [2m:[0;39m Retrieving all users
[2m2021-03-07 09:41:56.662[0;39m [  ] [32m INFO[0;39m [35m200658[0;39m [2m---[0;39m [2m[  restartedMain][0;39m [36mcom.revature.Project1Application        [0;39m [2m:[0;39m Starting Project1Application using Java 1.8.0_282 on matthew-g74sx with PID 200658 (/home/matthew/Revature/project1/target/classes started by matthew in /home/matthew/Revature/project1)
[2m2021-03-07 09:41:56.663[0;39m [  ] [32m INFO[0;39m [35m200658[0;39m [2m---[0;39m [2m[  restartedMain][0;39m [36mcom.revature.Project1Application        [0;39m [2m:[0;39m No active profile set, falling back to default profiles: default
[2m2021-03-07 09:41:59.455[0;39m [  ] [32m INFO[0;39m [35m200658[0;39m [2m---[0;39m [2m[  restartedMain][0;39m [36mcom.revature.Project1Application        [0;39m [2m:[0;39m Started Project1Application in 2.896 seconds (JVM running for 206.967)
[2m2021-03-07 09:42:02.753[0;39m [  ] [32m INFO[0;39m [35m200658[0;39m [2m---[0;39m [2m[nio-8080-exec-2][0;39m [36mcom.revature.services.UserService       [0;39m [2m:[0;39m Retrieving user by ID
[2m2021-03-07 10:49:59.977[0;39m [  ] [32m INFO[0;39m [35m224090[0;39m [2m---[0;39m [2m[  restartedMain][0;39m [36mcom.revature.Project1Application        [0;39m [2m:[0;39m Starting Project1Application using Java 1.8.0_282 on matthew-g74sx with PID 224090 (/home/matthew/Revature/project1/target/classes started by matthew in /home/matthew/Revature/project1)
[2m2021-03-07 10:50:00.011[0;39m [  ] [32m INFO[0;39m [35m224090[0;39m [2m---[0;39m [2m[  restartedMain][0;39m [36mcom.revature.Project1Application        [0;39m [2m:[0;39m No active profile set, falling back to default profiles: default
[2m2021-03-07 10:50:07.739[0;39m [  ] [32m INFO[0;39m [35m224090[0;39m [2m---[0;39m [2m[  restartedMain][0;39m [36mcom.revature.Project1Application        [0;39m [2m:[0;39m Started Project1Application in 8.79 seconds (JVM running for 12.723)
[2m2021-03-07 10:50:14.703[0;39m [  ] [32m INFO[0;39m [35m224090[0;39m [2m---[0;39m [2m[nio-8080-exec-2][0;39m [36mcom.revature.services.UserService       [0;39m [2m:[0;39m Retrieving all users
[2m2021-03-07 10:51:28.351[0;39m [  ] [32m INFO[0;39m [35m224090[0;39m [2m---[0;39m [2m[nio-8080-exec-5][0;39m [36mcom.revature.services.UserService       [0;39m [2m:[0;39m Logging in
[2m2021-03-07 10:51:28.454[0;39m [  ] [32m INFO[0;39m [35m224090[0;39m [2m---[0;39m [2m[nio-8080-exec-5][0;39m [36mcom.revature.services.UserService       [0;39m [2m:[0;39m Logged in
[2m2021-03-07 10:53:22.038[0;39m [  ] [32m INFO[0;39m [35m224090[0;39m [2m---[0;39m [2m[  restartedMain][0;39m [36mcom.revature.Project1Application        [0;39m [2m:[0;39m Starting Project1Application using Java 1.8.0_282 on matthew-g74sx with PID 224090 (/home/matthew/Revature/project1/target/classes started by matthew in /home/matthew/Revature/project1)
[2m2021-03-07 10:53:22.039[0;39m [  ] [32m INFO[0;39m [35m224090[0;39m [2m---[0;39m [2m[  restartedMain][0;39m [36mcom.revature.Project1Application        [0;39m [2m:[0;39m No active profile set, falling back to default profiles: default
[2m2021-03-07 10:53:24.673[0;39m [  ] [32m INFO[0;39m [35m224090[0;39m [2m---[0;39m [2m[  restartedMain][0;39m [36mcom.revature.Project1Application        [0;39m [2m:[0;39m Started Project1Application in 2.675 seconds (JVM running for 209.657)
[2m2021-03-07 10:53:27.709[0;39m [  ] [32m INFO[0;39m [35m224090[0;39m [2m---[0;39m [2m[nio-8080-exec-2][0;39m [36mcom.revature.services.UserService       [0;39m [2m:[0;39m Retrieving user by ID
[2m2021-03-07 10:53:30.184[0;39m [  ] [32m INFO[0;39m [35m224090[0;39m [2m---[0;39m [2m[nio-8080-exec-3][0;39m [36mcom.revature.services.UserService       [0;39m [2m:[0;39m Retrieving user by ID
[2m2021-03-07 10:53:31.346[0;39m [  ] [32m INFO[0;39m [35m224090[0;39m [2m---[0;39m [2m[nio-8080-exec-4][0;39m [36mcom.revature.services.UserService       [0;39m [2m:[0;39m Retrieving user by ID
[2m2021-03-07 10:53:39.816[0;39m [  ] [32m INFO[0;39m [35m224090[0;39m [2m---[0;39m [2m[nio-8080-exec-5][0;39m [36mcom.revature.services.UserService       [0;39m [2m:[0;39m Retrieving user by ID
[2m2021-03-07 10:54:07.594[0;39m [  ] [32m INFO[0;39m [35m224090[0;39m [2m---[0;39m [2m[nio-8080-exec-6][0;39m [36mcom.revature.services.UserService       [0;39m [2m:[0;39m Retrieving user by ID
[2m2021-03-07 10:54:49.767[0;39m [  ] [32m INFO[0;39m [35m224090[0;39m [2m---[0;39m [2m[nio-8080-exec-9][0;39m [36mcom.revature.services.UserService       [0;39m [2m:[0;39m Retrieving user by ID
[2m2021-03-07 10:57:11.072[0;39m [  ] [32m INFO[0;39m [35m224090[0;39m [2m---[0;39m [2m[  restartedMain][0;39m [36mcom.revature.Project1Application        [0;39m [2m:[0;39m Starting Project1Application using Java 1.8.0_282 on matthew-g74sx with PID 224090 (/home/matthew/Revature/project1/target/classes started by matthew in /home/matthew/Revature/project1)
[2m2021-03-07 10:57:11.073[0;39m [  ] [32m INFO[0;39m [35m224090[0;39m [2m---[0;39m [2m[  restartedMain][0;39m [36mcom.revature.Project1Application        [0;39m [2m:[0;39m No active profile set, falling back to default profiles: default
[2m2021-03-07 10:57:13.505[0;39m [  ] [32m INFO[0;39m [35m224090[0;39m [2m---[0;39m [2m[  restartedMain][0;39m [36mcom.revature.Project1Application        [0;39m [2m:[0;39m Started Project1Application in 2.477 seconds (JVM running for 438.49)
[2m2021-03-07 10:59:39.724[0;39m [  ] [32m INFO[0;39m [35m224090[0;39m [2m---[0;39m [2m[  restartedMain][0;39m [36mcom.revature.Project1Application        [0;39m [2m:[0;39m Starting Project1Application using Java 1.8.0_282 on matthew-g74sx with PID 224090 (/home/matthew/Revature/project1/target/classes started by matthew in /home/matthew/Revature/project1)
[2m2021-03-07 10:59:39.725[0;39m [  ] [32m INFO[0;39m [35m224090[0;39m [2m---[0;39m [2m[  restartedMain][0;39m [36mcom.revature.Project1Application        [0;39m [2m:[0;39m No active profile set, falling back to default profiles: default
[2m2021-03-07 10:59:41.988[0;39m [  ] [32m INFO[0;39m [35m224090[0;39m [2m---[0;39m [2m[  restartedMain][0;39m [36mcom.revature.Project1Application        [0;39m [2m:[0;39m Started Project1Application in 2.305 seconds (JVM running for 586.973)
[2m2021-03-07 11:00:24.852[0;39m [  ] [32m INFO[0;39m [35m224090[0;39m [2m---[0;39m [2m[  restartedMain][0;39m [36mcom.revature.Project1Application        [0;39m [2m:[0;39m Starting Project1Application using Java 1.8.0_282 on matthew-g74sx with PID 224090 (/home/matthew/Revature/project1/target/classes started by matthew in /home/matthew/Revature/project1)
[2m2021-03-07 11:00:24.853[0;39m [  ] [32m INFO[0;39m [35m224090[0;39m [2m---[0;39m [2m[  restartedMain][0;39m [36mcom.revature.Project1Application        [0;39m [2m:[0;39m No active profile set, falling back to default profiles: default
[2m2021-03-07 11:00:27.220[0;39m [  ] [32m INFO[0;39m [35m224090[0;39m [2m---[0;39m [2m[  restartedMain][0;39m [36mcom.revature.Project1Application        [0;39m [2m:[0;39m Started Project1Application in 2.404 seconds (JVM running for 632.205)
[2m2021-03-07 11:00:54.064[0;39m [  ] [32m INFO[0;39m [35m224090[0;39m [2m---[0;39m [2m[  restartedMain][0;39m [36mcom.revature.Project1Application        [0;39m [2m:[0;39m Starting Project1Application using Java 1.8.0_282 on matthew-g74sx with PID 224090 (/home/matthew/Revature/project1/target/classes started by matthew in /home/matthew/Revature/project1)
[2m2021-03-07 11:00:54.065[0;39m [  ] [32m INFO[0;39m [35m224090[0;39m [2m---[0;39m [2m[  restartedMain][0;39m [36mcom.revature.Project1Application        [0;39m [2m:[0;39m No active profile set, falling back to default profiles: default
[2m2021-03-07 12:37:17.109[0;39m [  ] [32m INFO[0;39m [35m259554[0;39m [2m---[0;39m [2m[  restartedMain][0;39m [36mcom.revature.Project1Application        [0;39m [2m:[0;39m Starting Project1Application using Java 1.8.0_282 on matthew-g74sx with PID 259554 (/home/matthew/Revature/project1/target/classes started by matthew in /home/matthew/Revature/project1)
[2m2021-03-07 12:37:17.120[0;39m [  ] [32m INFO[0;39m [35m259554[0;39m [2m---[0;39m [2m[  restartedMain][0;39m [36mcom.revature.Project1Application        [0;39m [2m:[0;39m No active profile set, falling back to default profiles: default
[2m2021-03-07 12:37:25.931[0;39m [  ] [32m INFO[0;39m [35m259554[0;39m [2m---[0;39m [2m[  restartedMain][0;39m [36mcom.revature.Project1Application        [0;39m [2m:[0;39m Started Project1Application in 9.282 seconds (JVM running for 10.01)
[2m2021-03-07 12:37:31.540[0;39m [  ] [32m INFO[0;39m [35m259554[0;39m [2m---[0;39m [2m[nio-8080-exec-2][0;39m [36mcom.revature.services.UserService       [0;39m [2m:[0;39m Retrieving all users
[2m2021-03-07 12:38:25.693[0;39m [  ] [32m INFO[0;39m [35m260035[0;39m [2m---[0;39m [2m[  restartedMain][0;39m [36mcom.revature.Project1Application        [0;39m [2m:[0;39m Starting Project1Application using Java 1.8.0_282 on matthew-g74sx with PID 260035 (/home/matthew/Revature/project1/target/classes started by matthew in /home/matthew/Revature/project1)
[2m2021-03-07 12:38:25.702[0;39m [  ] [32m INFO[0;39m [35m260035[0;39m [2m---[0;39m [2m[  restartedMain][0;39m [36mcom.revature.Project1Application        [0;39m [2m:[0;39m No active profile set, falling back to default profiles: default
[2m2021-03-07 12:38:33.020[0;39m [  ] [32m INFO[0;39m [35m260035[0;39m [2m---[0;39m [2m[  restartedMain][0;39m [36mcom.revature.Project1Application        [0;39m [2m:[0;39m Started Project1Application in 7.741 seconds (JVM running for 8.554)
[2m2021-03-07 12:38:37.533[0;39m [  ] [32m INFO[0;39m [35m260035[0;39m [2m---[0;39m [2m[nio-8080-exec-1][0;39m [36mcom.revature.services.UserService       [0;39m [2m:[0;39m Retrieving all users
[2m2021-03-07 12:38:53.834[0;39m [  ] [32m INFO[0;39m [35m260035[0;39m [2m---[0;39m [2m[  restartedMain][0;39m [36mcom.revature.Project1Application        [0;39m [2m:[0;39m Starting Project1Application using Java 1.8.0_282 on matthew-g74sx with PID 260035 (/home/matthew/Revature/project1/target/classes started by matthew in /home/matthew/Revature/project1)
[2m2021-03-07 12:38:53.835[0;39m [  ] [32m INFO[0;39m [35m260035[0;39m [2m---[0;39m [2m[  restartedMain][0;39m [36mcom.revature.Project1Application        [0;39m [2m:[0;39m No active profile set, falling back to default profiles: default
[2m2021-03-07 12:38:56.289[0;39m [  ] [32m INFO[0;39m [35m260035[0;39m [2m---[0;39m [2m[  restartedMain][0;39m [36mcom.revature.Project1Application        [0;39m [2m:[0;39m Started Project1Application in 2.51 seconds (JVM running for 31.824)
[2m2021-03-07 12:42:39.456[0;39m [  ] [32m INFO[0;39m [35m261658[0;39m [2m---[0;39m [2m[  restartedMain][0;39m [36mcom.revature.Project1Application        [0;39m [2m:[0;39m Starting Project1Application using Java 1.8.0_282 on matthew-g74sx with PID 261658 (/home/matthew/Revature/project1/target/classes started by matthew in /home/matthew/Revature/project1)
[2m2021-03-07 12:42:39.468[0;39m [  ] [32m INFO[0;39m [35m261658[0;39m [2m---[0;39m [2m[  restartedMain][0;39m [36mcom.revature.Project1Application        [0;39m [2m:[0;39m No active profile set, falling back to default profiles: default
[2m2021-03-07 12:42:46.599[0;39m [  ] [32m INFO[0;39m [35m261658[0;39m [2m---[0;39m [2m[  restartedMain][0;39m [36mcom.revature.Project1Application        [0;39m [2m:[0;39m Started Project1Application in 7.549 seconds (JVM running for 8.377)
[2m2021-03-07 12:42:52.206[0;39m [  ] [32m INFO[0;39m [35m261658[0;39m [2m---[0;39m [2m[nio-8080-exec-2][0;39m [36mcom.revature.services.UserService       [0;39m [2m:[0;39m Retrieving all users
[2m2021-03-07 12:43:29.269[0;39m [  ] [32m INFO[0;39m [35m261658[0;39m [2m---[0;39m [2m[nio-8080-exec-3][0;39m [36mcom.revature.services.UserService       [0;39m [2m:[0;39m Retrieving all users
[2m2021-03-07 12:43:44.908[0;39m [  ] [32m INFO[0;39m [35m262088[0;39m [2m---[0;39m [2m[  restartedMain][0;39m [36mcom.revature.Project1Application        [0;39m [2m:[0;39m Starting Project1Application using Java 1.8.0_282 on matthew-g74sx with PID 262088 (/home/matthew/Revature/project1/target/classes started by matthew in /home/matthew/Revature/project1)
[2m2021-03-07 12:43:44.917[0;39m [  ] [32m INFO[0;39m [35m262088[0;39m [2m---[0;39m [2m[  restartedMain][0;39m [36mcom.revature.Project1Application        [0;39m [2m:[0;39m No active profile set, falling back to default profiles: default
[2m2021-03-07 12:44:25.832[0;39m [  ] [32m INFO[0;39m [35m262408[0;39m [2m---[0;39m [2m[  restartedMain][0;39m [36mcom.revature.Project1Application        [0;39m [2m:[0;39m Starting Project1Application using Java 1.8.0_282 on matthew-g74sx with PID 262408 (/home/matthew/Revature/project1/target/classes started by matthew in /home/matthew/Revature/project1)
[2m2021-03-07 12:44:25.846[0;39m [  ] [32m INFO[0;39m [35m262408[0;39m [2m---[0;39m [2m[  restartedMain][0;39m [36mcom.revature.Project1Application        [0;39m [2m:[0;39m No active profile set, falling back to default profiles: default
[2m2021-03-07 12:44:33.739[0;39m [  ] [32m INFO[0;39m [35m262408[0;39m [2m---[0;39m [2m[  restartedMain][0;39m [36mcom.revature.Project1Application        [0;39m [2m:[0;39m Started Project1Application in 8.351 seconds (JVM running for 9.234)
[2m2021-03-07 12:44:37.373[0;39m [  ] [32m INFO[0;39m [35m262408[0;39m [2m---[0;39m [2m[nio-8080-exec-2][0;39m [36mcom.revature.services.UserService       [0;39m [2m:[0;39m Retrieving all users
[2m2021-03-07 12:44:51.627[0;39m [ ayy ] [32m INFO[0;39m [35m262408[0;39m [2m---[0;39m [2m[  restartedMain][0;39m [36mcom.revature.Project1Application        [0;39m [2m:[0;39m Starting Project1Application using Java 1.8.0_282 on matthew-g74sx with PID 262408 (/home/matthew/Revature/project1/target/classes started by matthew in /home/matthew/Revature/project1)
[2m2021-03-07 12:44:51.630[0;39m [ ayy ] [32m INFO[0;39m [35m262408[0;39m [2m---[0;39m [2m[  restartedMain][0;39m [36mcom.revature.Project1Application        [0;39m [2m:[0;39m No active profile set, falling back to default profiles: default
[2m2021-03-07 12:44:54.087[0;39m [ ayy ] [32m INFO[0;39m [35m262408[0;39m [2m---[0;39m [2m[  restartedMain][0;39m [36mcom.revature.Project1Application        [0;39m [2m:[0;39m Started Project1Application in 2.524 seconds (JVM running for 29.582)
[2m2021-03-07 12:49:23.444[0;39m [ ayy ] [32m INFO[0;39m [35m264178[0;39m [2m---[0;39m [2m[  restartedMain][0;39m [36mcom.revature.Project1Application        [0;39m [2m:[0;39m Starting Project1Application using Java 1.8.0_282 on matthew-g74sx with PID 264178 (/home/matthew/Revature/project1/target/classes started by matthew in /home/matthew/Revature/project1)
[2m2021-03-07 12:49:23.455[0;39m [ ayy ] [32m INFO[0;39m [35m264178[0;39m [2m---[0;39m [2m[  restartedMain][0;39m [36mcom.revature.Project1Application        [0;39m [2m:[0;39m No active profile set, falling back to default profiles: default
[2m2021-03-07 12:49:32.061[0;39m [ ayy ] [32m INFO[0;39m [35m264178[0;39m [2m---[0;39m [2m[  restartedMain][0;39m [36mcom.revature.Project1Application        [0;39m [2m:[0;39m Started Project1Application in 9.038 seconds (JVM running for 9.81)
[2m2021-03-07 12:49:34.320[0;39m [ ayy ] [32m INFO[0;39m [35m264178[0;39m [2m---[0;39m [2m[nio-8080-exec-1][0;39m [36mcom.revature.services.UserService       [0;39m [2m:[0;39m Retrieving all users
[2m2021-03-07 12:51:15.206[0;39m [ ayy ] [32m INFO[0;39m [35m264873[0;39m [2m---[0;39m [2m[  restartedMain][0;39m [36mcom.revature.Project1Application        [0;39m [2m:[0;39m Starting Project1Application using Java 1.8.0_282 on matthew-g74sx with PID 264873 (/home/matthew/Revature/project1/target/classes started by matthew in /home/matthew/Revature/project1)
[2m2021-03-07 12:51:15.218[0;39m [ ayy ] [32m INFO[0;39m [35m264873[0;39m [2m---[0;39m [2m[  restartedMain][0;39m [36mcom.revature.Project1Application        [0;39m [2m:[0;39m No active profile set, falling back to default profiles: default
[2m2021-03-07 12:51:23.520[0;39m [ ayy ] [32m INFO[0;39m [35m264873[0;39m [2m---[0;39m [2m[  restartedMain][0;39m [36mcom.revature.Project1Application        [0;39m [2m:[0;39m Started Project1Application in 8.78 seconds (JVM running for 9.506)
[2m2021-03-07 12:51:31.363[0;39m [ ayy ] [32m INFO[0;39m [35m264873[0;39m [2m---[0;39m [2m[nio-8080-exec-2][0;39m [36mcom.revature.services.UserService       [0;39m [2m:[0;39m Retrieving all users
[2m2021-03-07 12:52:07.913[0;39m [ ayy ] [32m INFO[0;39m [35m265242[0;39m [2m---[0;39m [2m[  restartedMain][0;39m [36mcom.revature.Project1Application        [0;39m [2m:[0;39m Starting Project1Application using Java 1.8.0_282 on matthew-g74sx with PID 265242 (/home/matthew/Revature/project1/target/classes started by matthew in /home/matthew/Revature/project1)
[2m2021-03-07 12:52:07.928[0;39m [ ayy ] [32m INFO[0;39m [35m265242[0;39m [2m---[0;39m [2m[  restartedMain][0;39m [36mcom.revature.Project1Application        [0;39m [2m:[0;39m No active profile set, falling back to default profiles: default
[2m2021-03-07 12:52:14.564[0;39m [ ayy ] [32m INFO[0;39m [35m265242[0;39m [2m---[0;39m [2m[  restartedMain][0;39m [36mcom.revature.Project1Application        [0;39m [2m:[0;39m Started Project1Application in 7.102 seconds (JVM running for 7.82)
[2m2021-03-07 12:52:23.565[0;39m [ ayy ] [32m INFO[0;39m [35m265242[0;39m [2m---[0;39m [2m[nio-8080-exec-1][0;39m [36mcom.revature.services.UserService       [0;39m [2m:[0;39m Retrieving all users
[2m2021-03-07 12:58:47.003[0;39m [ ayy ] [32m INFO[0;39m [35m268089[0;39m [2m---[0;39m [2m[  restartedMain][0;39m [36mcom.revature.Project1Application        [0;39m [2m:[0;39m Starting Project1Application using Java 1.8.0_282 on matthew-g74sx with PID 268089 (/home/matthew/Revature/project1/target/classes started by matthew in /home/matthew/Revature/project1)
[2m2021-03-07 12:58:47.013[0;39m [ ayy ] [32m INFO[0;39m [35m268089[0;39m [2m---[0;39m [2m[  restartedMain][0;39m [36mcom.revature.Project1Application        [0;39m [2m:[0;39m No active profile set, falling back to default profiles: default
[2m2021-03-07 12:58:54.664[0;39m [ ayy ] [32m INFO[0;39m [35m268089[0;39m [2m---[0;39m [2m[  restartedMain][0;39m [36mcom.revature.Project1Application        [0;39m [2m:[0;39m Started Project1Application in 8.055 seconds (JVM running for 8.858)
[2m2021-03-07 12:59:01.321[0;39m [ ayy ] [32m INFO[0;39m [35m268089[0;39m [2m---[0;39m [2m[nio-8080-exec-1][0;39m [36mcom.revature.services.UserService       [0;39m [2m:[0;39m Retrieving all users
[2m2021-03-07 13:00:46.165[0;39m [ ayy ] [32m INFO[0;39m [35m268833[0;39m [2m---[0;39m [2m[  restartedMain][0;39m [36mcom.revature.Project1Application        [0;39m [2m:[0;39m Starting Project1Application using Java 1.8.0_282 on matthew-g74sx with PID 268833 (/home/matthew/Revature/project1/target/classes started by matthew in /home/matthew/Revature/project1)
[2m2021-03-07 13:00:46.175[0;39m [ ayy ] [32m INFO[0;39m [35m268833[0;39m [2m---[0;39m [2m[  restartedMain][0;39m [36mcom.revature.Project1Application        [0;39m [2m:[0;39m No active profile set, falling back to default profiles: default
[2m2021-03-07 13:00:52.878[0;39m [ ayy ] [32m INFO[0;39m [35m268833[0;39m [2m---[0;39m [2m[  restartedMain][0;39m [36mcom.revature.Project1Application        [0;39m [2m:[0;39m Started Project1Application in 7.161 seconds (JVM running for 7.861)
[2m2021-03-07 13:00:56.844[0;39m [ ayy ] [32m INFO[0;39m [35m268833[0;39m [2m---[0;39m [2m[nio-8080-exec-2][0;39m [36mcom.revature.services.UserService       [0;39m [2m:[0;39m Retrieving all users
[2m2021-03-07 13:01:08.736[0;39m [ ayy ] [32m INFO[0;39m [35m268833[0;39m [2m---[0;39m [2m[nio-8080-exec-3][0;39m [36mcom.revature.services.UserService       [0;39m [2m:[0;39m Retrieving all users
[2m2021-03-07 13:01:36.709[0;39m [ ayy ] [32m INFO[0;39m [35m269210[0;39m [2m---[0;39m [2m[  restartedMain][0;39m [36mcom.revature.Project1Application        [0;39m [2m:[0;39m Starting Project1Application using Java 1.8.0_282 on matthew-g74sx with PID 269210 (/home/matthew/Revature/project1/target/classes started by matthew in /home/matthew/Revature/project1)
[2m2021-03-07 13:01:36.722[0;39m [ ayy ] [32m INFO[0;39m [35m269210[0;39m [2m---[0;39m [2m[  restartedMain][0;39m [36mcom.revature.Project1Application        [0;39m [2m:[0;39m No active profile set, falling back to default profiles: default
[2m2021-03-07 13:01:44.627[0;39m [ ayy ] [32m INFO[0;39m [35m269210[0;39m [2m---[0;39m [2m[  restartedMain][0;39m [36mcom.revature.Project1Application        [0;39m [2m:[0;39m Started Project1Application in 8.388 seconds (JVM running for 9.091)
[2m2021-03-07 13:01:59.921[0;39m [ ayy ] [32m INFO[0;39m [35m269438[0;39m [2m---[0;39m [2m[  restartedMain][0;39m [36mcom.revature.Project1Application        [0;39m [2m:[0;39m Starting Project1Application using Java 1.8.0_282 on matthew-g74sx with PID 269438 (/home/matthew/Revature/project1/target/classes started by matthew in /home/matthew/Revature/project1)
[2m2021-03-07 13:01:59.931[0;39m [ ayy ] [32m INFO[0;39m [35m269438[0;39m [2m---[0;39m [2m[  restartedMain][0;39m [36mcom.revature.Project1Application        [0;39m [2m:[0;39m No active profile set, falling back to default profiles: default
[2m2021-03-07 13:02:07.134[0;39m [ ayy ] [32m INFO[0;39m [35m269438[0;39m [2m---[0;39m [2m[  restartedMain][0;39m [36mcom.revature.Project1Application        [0;39m [2m:[0;39m Started Project1Application in 7.651 seconds (JVM running for 8.479)
[2m2021-03-07 13:02:53.020[0;39m [ ayy?  X] [32m INFO[0;39m [35m269877[0;39m [2m---[0;39m [2m[  restartedMain][0;39m [36mcom.revature.Project1Application        [0;39m [2m:[0;39m Starting Project1Application using Java 1.8.0_282 on matthew-g74sx with PID 269877 (/home/matthew/Revature/project1/target/classes started by matthew in /home/matthew/Revature/project1)
[2m2021-03-07 13:02:53.030[0;39m [ ayy?  X] [32m INFO[0;39m [35m269877[0;39m [2m---[0;39m [2m[  restartedMain][0;39m [36mcom.revature.Project1Application        [0;39m [2m:[0;39m No active profile set, falling back to default profiles: default
[2m2021-03-07 13:02:59.608[0;39m [ ayy?  X] [32m INFO[0;39m [35m269877[0;39m [2m---[0;39m [2m[  restartedMain][0;39m [36mcom.revature.Project1Application        [0;39m [2m:[0;39m Started Project1Application in 6.97 seconds (JVM running for 7.671)
[2m2021-03-07 13:03:03.342[0;39m [ ayy?  X] [32m INFO[0;39m [35m269877[0;39m [2m---[0;39m [2m[nio-8080-exec-2][0;39m [36mcom.revature.services.UserService       [0;39m [2m:[0;39m Retrieving all users
[2m2021-03-07 13:04:12.224[0;39m [ ayy X  mdc ] [32m INFO[0;39m [35m269877[0;39m [2m---[0;39m [2m[  restartedMain][0;39m [36mcom.revature.Project1Application        [0;39m [2m:[0;39m Starting Project1Application using Java 1.8.0_282 on matthew-g74sx with PID 269877 (/home/matthew/Revature/project1/target/classes started by matthew in /home/matthew/Revature/project1)
[2m2021-03-07 13:04:12.226[0;39m [ ayy X  mdc ] [32m INFO[0;39m [35m269877[0;39m [2m---[0;39m [2m[  restartedMain][0;39m [36mcom.revature.Project1Application        [0;39m [2m:[0;39m No active profile set, falling back to default profiles: default
[2m2021-03-07 13:04:14.678[0;39m [ ayy X  mdc ] [32m INFO[0;39m [35m269877[0;39m [2m---[0;39m [2m[  restartedMain][0;39m [36mcom.revature.Project1Application        [0;39m [2m:[0;39m Started Project1Application in 2.498 seconds (JVM running for 82.742)
[2m2021-03-07 13:04:24.853[0;39m [ ayy X  mdc ] [32m INFO[0;39m [35m269877[0;39m [2m---[0;39m [2m[nio-8080-exec-2][0;39m [36mcom.revature.services.UserService       [0;39m [2m:[0;39m Retrieving all users
[2m2021-03-07 13:04:54.985[0;39m [ ayy X  mdc ] [32m INFO[0;39m [35m269877[0;39m [2m---[0;39m [2m[nio-8080-exec-5][0;39m [36mcom.revature.services.UserService       [0;39m [2m:[0;39m Logging in
[2m2021-03-07 13:04:55.100[0;39m [ ayy X  mdc ] [32m INFO[0;39m [35m269877[0;39m [2m---[0;39m [2m[nio-8080-exec-5][0;39m [36mcom.revature.services.UserService       [0;39m [2m:[0;39m Logged in
[2m2021-03-07 13:04:58.243[0;39m [ ayy X  mdc ] [32m INFO[0;39m [35m269877[0;39m [2m---[0;39m [2m[nio-8080-exec-6][0;39m [36mcom.revature.services.AccountService    [0;39m [2m:[0;39m Retrieving account by ID
[2m2021-03-07 13:05:52.882[0;39m [ ayy X  mdc ] [32m INFO[0;39m [35m269877[0;39m [2m---[0;39m [2m[  restartedMain][0;39m [36mcom.revature.Project1Application        [0;39m [2m:[0;39m Starting Project1Application using Java 1.8.0_282 on matthew-g74sx with PID 269877 (/home/matthew/Revature/project1/target/classes started by matthew in /home/matthew/Revature/project1)
[2m2021-03-07 13:05:52.883[0;39m [ ayy X  mdc ] [32m INFO[0;39m [35m269877[0;39m [2m---[0;39m [2m[  restartedMain][0;39m [36mcom.revature.Project1Application        [0;39m [2m:[0;39m No active profile set, falling back to default profiles: default
[2m2021-03-07 13:05:55.170[0;39m [ ayy X  mdc ] [32m INFO[0;39m [35m269877[0;39m [2m---[0;39m [2m[  restartedMain][0;39m [36mcom.revature.Project1Application        [0;39m [2m:[0;39m Started Project1Application in 2.319 seconds (JVM running for 183.234)
[2m2021-03-07 13:06:00.288[0;39m [ ayy X  mdc ] [32m INFO[0;39m [35m269877[0;39m [2m---[0;39m [2m[nio-8080-exec-2][0;39m [36mcom.revature.services.AccountService    [0;39m [2m:[0;39m Retrieving account by ID
[2m2021-03-07 13:06:17.738[0;39m [ ayy X  mdc ] [32m INFO[0;39m [35m269877[0;39m [2m---[0;39m [2m[nio-8080-exec-3][0;39m [36mcom.revature.services.UserService       [0;39m [2m:[0;39m Logging in
[2m2021-03-07 13:06:17.816[0;39m [ ayy X  mdc ] [32m INFO[0;39m [35m269877[0;39m [2m---[0;39m [2m[nio-8080-exec-3][0;39m [36mcom.revature.services.UserService       [0;39m [2m:[0;39m Logged in
[2m2021-03-07 13:08:33.446[0;39m [ ayy X  mdc ] [32m INFO[0;39m [35m269877[0;39m [2m---[0;39m [2m[  restartedMain][0;39m [36mcom.revature.Project1Application        [0;39m [2m:[0;39m Starting Project1Application using Java 1.8.0_282 on matthew-g74sx with PID 269877 (/home/matthew/Revature/project1/target/classes started by matthew in /home/matthew/Revature/project1)
[2m2021-03-07 13:08:33.447[0;39m [ ayy X  mdc ] [32m INFO[0;39m [35m269877[0;39m [2m---[0;39m [2m[  restartedMain][0;39m [36mcom.revature.Project1Application        [0;39m [2m:[0;39m No active profile set, falling back to default profiles: default
[2m2021-03-07 13:08:35.793[0;39m [ ayy X  mdc ] [32m INFO[0;39m [35m269877[0;39m [2m---[0;39m [2m[  restartedMain][0;39m [36mcom.revature.Project1Application        [0;39m [2m:[0;39m Started Project1Application in 2.382 seconds (JVM running for 343.856)
[2m2021-03-07 13:08:53.662[0;39m [ ayy X  mdc ] [32m INFO[0;39m [35m269877[0;39m [2m---[0;39m [2m[  restartedMain][0;39m [36mcom.revature.Project1Application        [0;39m [2m:[0;39m Starting Project1Application using Java 1.8.0_282 on matthew-g74sx with PID 269877 (/home/matthew/Revature/project1/target/classes started by matthew in /home/matthew/Revature/project1)
[2m2021-03-07 13:08:53.663[0;39m [ ayy X  mdc ] [32m INFO[0;39m [35m269877[0;39m [2m---[0;39m [2m[  restartedMain][0;39m [36mcom.revature.Project1Application        [0;39m [2m:[0;39m No active profile set, falling back to default profiles: default
[2m2021-03-07 13:08:56.215[0;39m [ ayy X  mdc ] [32m INFO[0;39m [35m269877[0;39m [2m---[0;39m [2m[  restartedMain][0;39m [36mcom.revature.Project1Application        [0;39m [2m:[0;39m Started Project1Application in 2.59 seconds (JVM running for 364.278)
[2m2021-03-07 13:09:02.522[0;39m [ ayy X select mdc select] [32m INFO[0;39m [35m269877[0;39m [2m---[0;39m [2m[nio-8080-exec-2][0;39m [36mcom.revature.services.UserService       [0;39m [2m:[0;39m Retrieving all users
[2m2021-03-07 13:10:01.456[0;39m [ ayy X  mdc ] [32m INFO[0;39m [35m272744[0;39m [2m---[0;39m [2m[  restartedMain][0;39m [36mcom.revature.Project1Application        [0;39m [2m:[0;39m Starting Project1Application using Java 1.8.0_282 on matthew-g74sx with PID 272744 (/home/matthew/Revature/project1/target/classes started by matthew in /home/matthew/Revature/project1)
[2m2021-03-07 13:10:01.468[0;39m [ ayy X  mdc ] [32m INFO[0;39m [35m272744[0;39m [2m---[0;39m [2m[  restartedMain][0;39m [36mcom.revature.Project1Application        [0;39m [2m:[0;39m No active profile set, falling back to default profiles: default
[2m2021-03-07 13:10:09.414[0;39m [ ayy X  mdc ] [32m INFO[0;39m [35m272744[0;39m [2m---[0;39m [2m[  restartedMain][0;39m [36mcom.revature.Project1Application        [0;39m [2m:[0;39m Started Project1Application in 8.387 seconds (JVM running for 9.095)
[2m2021-03-07 13:10:16.851[0;39m [ ayy X select mdc select] [32m INFO[0;39m [35m272744[0;39m [2m---[0;39m [2m[nio-8080-exec-2][0;39m [36mcom.revature.services.UserService       [0;39m [2m:[0;39m Retrieving all users
[2m2021-03-07 13:10:19.704[0;39m [ ayy X login mdc login] [32m INFO[0;39m [35m272744[0;39m [2m---[0;39m [2m[nio-8080-exec-3][0;39m [36mcom.revature.services.UserService       [0;39m [2m:[0;39m Logging in
[2m2021-03-07 13:10:19.803[0;39m [ ayy X  mdc ] [32m INFO[0;39m [35m272744[0;39m [2m---[0;39m [2m[nio-8080-exec-3][0;39m [36mcom.revature.services.UserService       [0;39m [2m:[0;39m Logged in
[2m2021-03-07 13:10:22.235[0;39m [ ayy X select mdc select] [32m INFO[0;39m [35m272744[0;39m [2m---[0;39m [2m[nio-8080-exec-4][0;39m [36mcom.revature.services.AccountService    [0;39m [2m:[0;39m Retrieving account by ID
[2m2021-03-07 13:11:16.128[0;39m [  ] [32m INFO[0;39m [35m273318[0;39m [2m---[0;39m [2m[  restartedMain][0;39m [36mcom.revature.Project1Application        [0;39m [2m:[0;39m Starting Project1Application using Java 1.8.0_282 on matthew-g74sx with PID 273318 (/home/matthew/Revature/project1/target/classes started by matthew in /home/matthew/Revature/project1)
[2m2021-03-07 13:11:16.139[0;39m [  ] [32m INFO[0;39m [35m273318[0;39m [2m---[0;39m [2m[  restartedMain][0;39m [36mcom.revature.Project1Application        [0;39m [2m:[0;39m No active profile set, falling back to default profiles: default
[2m2021-03-07 13:11:24.285[0;39m [  ] [32m INFO[0;39m [35m273318[0;39m [2m---[0;39m [2m[  restartedMain][0;39m [36mcom.revature.Project1Application        [0;39m [2m:[0;39m Started Project1Application in 8.6 seconds (JVM running for 9.34)
[2m2021-03-07 13:11:30.938[0;39m [ event=select ] [32m INFO[0;39m [35m273318[0;39m [2m---[0;39m [2m[nio-8080-exec-2][0;39m [36mcom.revature.services.UserService       [0;39m [2m:[0;39m Retrieving all users
[2m2021-03-07 13:11:36.820[0;39m [ event=login ] [32m INFO[0;39m [35m273318[0;39m [2m---[0;39m [2m[nio-8080-exec-3][0;39m [36mcom.revature.services.UserService       [0;39m [2m:[0;39m Logging in
[2m2021-03-07 13:11:36.917[0;39m [ password=hunter2, userID=1 ] [32m INFO[0;39m [35m273318[0;39m [2m---[0;39m [2m[nio-8080-exec-3][0;39m [36mcom.revature.services.UserService       [0;39m [2m:[0;39m Logged in
[2m2021-03-07 13:11:41.286[0;39m [ accountID=1, event=select ] [32m INFO[0;39m [35m273318[0;39m [2m---[0;39m [2m[nio-8080-exec-4][0;39m [36mcom.revature.services.AccountService    [0;39m [2m:[0;39m Retrieving account by ID
[2m2021-03-07 13:13:56.042[0;39m [  ] [32m INFO[0;39m [35m274286[0;39m [2m---[0;39m [2m[  restartedMain][0;39m [36mcom.revature.Project1Application        [0;39m [2m:[0;39m Starting Project1Application using Java 1.8.0_282 on matthew-g74sx with PID 274286 (/home/matthew/Revature/project1/target/classes started by matthew in /home/matthew/Revature/project1)
[2m2021-03-07 13:13:56.053[0;39m [  ] [32m INFO[0;39m [35m274286[0;39m [2m---[0;39m [2m[  restartedMain][0;39m [36mcom.revature.Project1Application        [0;39m [2m:[0;39m No active profile set, falling back to default profiles: default
[2m2021-03-07 13:14:04.282[0;39m [  ] [32m INFO[0;39m [35m274286[0;39m [2m---[0;39m [2m[  restartedMain][0;39m [36mcom.revature.Project1Application        [0;39m [2m:[0;39m Started Project1Application in 8.66 seconds (JVM running for 9.343)
[2m2021-03-07 13:14:09.322[0;39m [ event=create ] [32m INFO[0;39m [35m274286[0;39m [2m---[0;39m [2m[nio-8080-exec-1][0;39m [36mcom.revature.services.AccountService    [0;39m [2m:[0;39m Creating account
[2m2021-03-07 13:14:09.605[0;39m [ accountID=6 ] [32m INFO[0;39m [35m274286[0;39m [2m---[0;39m [2m[nio-8080-exec-1][0;39m [36mcom.revature.services.AccountService    [0;39m [2m:[0;39m Account created
[2m2021-03-07 13:16:41.451[0;39m [  ] [32m INFO[0;39m [35m274286[0;39m [2m---[0;39m [2m[  restartedMain][0;39m [36mcom.revature.Project1Application        [0;39m [2m:[0;39m Starting Project1Application using Java 1.8.0_282 on matthew-g74sx with PID 274286 (/home/matthew/Revature/project1/target/classes started by matthew in /home/matthew/Revature/project1)
[2m2021-03-07 13:16:41.453[0;39m [  ] [32m INFO[0;39m [35m274286[0;39m [2m---[0;39m [2m[  restartedMain][0;39m [36mcom.revature.Project1Application        [0;39m [2m:[0;39m No active profile set, falling back to default profiles: default
[2m2021-03-07 13:16:44.313[0;39m [  ] [32m INFO[0;39m [35m274286[0;39m [2m---[0;39m [2m[  restartedMain][0;39m [36mcom.revature.Project1Application        [0;39m [2m:[0;39m Started Project1Application in 2.91 seconds (JVM running for 169.374)
[2m2021-03-07 13:24:02.539[0;39m [  ] [32m INFO[0;39m [35m274286[0;39m [2m---[0;39m [2m[  restartedMain][0;39m [36mcom.revature.Project1Application        [0;39m [2m:[0;39m Starting Project1Application using Java 1.8.0_282 on matthew-g74sx with PID 274286 (/home/matthew/Revature/project1/target/classes started by matthew in /home/matthew/Revature/project1)
[2m2021-03-07 13:24:02.540[0;39m [  ] [32m INFO[0;39m [35m274286[0;39m [2m---[0;39m [2m[  restartedMain][0;39m [36mcom.revature.Project1Application        [0;39m [2m:[0;39m No active profile set, falling back to default profiles: default
[2m2021-03-07 13:24:05.074[0;39m [  ] [32m INFO[0;39m [35m274286[0;39m [2m---[0;39m [2m[  restartedMain][0;39m [36mcom.revature.Project1Application        [0;39m [2m:[0;39m Started Project1Application in 2.589 seconds (JVM running for 610.135)
[2m2021-03-07 13:25:03.028[0;39m [  ] [32m INFO[0;39m [35m274286[0;39m [2m---[0;39m [2m[  restartedMain][0;39m [36mcom.revature.Project1Application        [0;39m [2m:[0;39m Starting Project1Application using Java 1.8.0_282 on matthew-g74sx with PID 274286 (/home/matthew/Revature/project1/target/classes started by matthew in /home/matthew/Revature/project1)
[2m2021-03-07 13:25:03.029[0;39m [  ] [32m INFO[0;39m [35m274286[0;39m [2m---[0;39m [2m[  restartedMain][0;39m [36mcom.revature.Project1Application        [0;39m [2m:[0;39m No active profile set, falling back to default profiles: default
[2m2021-03-07 13:25:05.377[0;39m [  ] [32m INFO[0;39m [35m274286[0;39m [2m---[0;39m [2m[  restartedMain][0;39m [36mcom.revature.Project1Application        [0;39m [2m:[0;39m Started Project1Application in 2.397 seconds (JVM running for 670.438)
[2m2021-03-07 13:25:11.366[0;39m [ event=create ] [32m INFO[0;39m [35m274286[0;39m [2m---[0;39m [2m[nio-8080-exec-2][0;39m [36mcom.revature.services.AccountService    [0;39m [2m:[0;39m Creating account
[2m2021-03-07 13:25:11.618[0;39m [ accountID=7 ] [32m INFO[0;39m [35m274286[0;39m [2m---[0;39m [2m[nio-8080-exec-2][0;39m [36mcom.revature.services.AccountService    [0;39m [2m:[0;39m Account created
[2m2021-03-07 13:25:32.768[0;39m [ event=select ] [32m INFO[0;39m [35m274286[0;39m [2m---[0;39m [2m[nio-8080-exec-3][0;39m [36mcom.revature.services.UserService       [0;39m [2m:[0;39m Retrieving all users
[2m2021-03-07 13:27:01.698[0;39m [ event=login ] [32m INFO[0;39m [35m274286[0;39m [2m---[0;39m [2m[nio-8080-exec-8][0;39m [36mcom.revature.services.UserService       [0;39m [2m:[0;39m Logging in
[2m2021-03-07 13:27:01.766[0;39m [ password=hunter2, userID=1 ] [32m INFO[0;39m [35m274286[0;39m [2m---[0;39m [2m[nio-8080-exec-8][0;39m [36mcom.revature.services.UserService       [0;39m [2m:[0;39m Logged in
[2m2021-03-07 13:27:47.894[0;39m [ event=select ] [32m INFO[0;39m [35m274286[0;39m [2m---[0;39m [2m[nio-8080-exec-2][0;39m [36mcom.revature.services.StockService      [0;39m [2m:[0;39m Retrieving all stocks
[2m2021-03-07 13:31:20.551[0;39m [ accountID=7, event=select ] [32m INFO[0;39m [35m274286[0;39m [2m---[0;39m [2m[nio-8080-exec-8][0;39m [36mcom.revature.services.AccountService    [0;39m [2m:[0;39m Retrieving account by ID
[2m2021-03-07 13:31:28.239[0;39m [ accountID=1, event=select ] [32m INFO[0;39m [35m274286[0;39m [2m---[0;39m [2m[nio-8080-exec-9][0;39m [36mcom.revature.services.AccountService    [0;39m [2m:[0;39m Retrieving account by ID
[2m2021-03-07 13:37:27.845[0;39m [  ] [32m INFO[0;39m [35m274286[0;39m [2m---[0;39m [2m[  restartedMain][0;39m [36mcom.revature.Project1Application        [0;39m [2m:[0;39m Starting Project1Application using Java 1.8.0_282 on matthew-g74sx with PID 274286 (/home/matthew/Revature/project1/target/classes started by matthew in /home/matthew/Revature/project1)
[2m2021-03-07 13:37:27.846[0;39m [  ] [32m INFO[0;39m [35m274286[0;39m [2m---[0;39m [2m[  restartedMain][0;39m [36mcom.revature.Project1Application        [0;39m [2m:[0;39m No active profile set, falling back to default profiles: default
[2m2021-03-07 13:37:30.191[0;39m [  ] [32m INFO[0;39m [35m274286[0;39m [2m---[0;39m [2m[  restartedMain][0;39m [36mcom.revature.Project1Application        [0;39m [2m:[0;39m Started Project1Application in 2.5 seconds (JVM running for 1415.252)
[2m2021-03-07 13:37:49.966[0;39m [  ] [32m INFO[0;39m [35m274286[0;39m [2m---[0;39m [2m[  restartedMain][0;39m [36mcom.revature.Project1Application        [0;39m [2m:[0;39m Starting Project1Application using Java 1.8.0_282 on matthew-g74sx with PID 274286 (/home/matthew/Revature/project1/target/classes started by matthew in /home/matthew/Revature/project1)
[2m2021-03-07 13:37:49.968[0;39m [  ] [32m INFO[0;39m [35m274286[0;39m [2m---[0;39m [2m[  restartedMain][0;39m [36mcom.revature.Project1Application        [0;39m [2m:[0;39m No active profile set, falling back to default profiles: default
[2m2021-03-07 13:37:52.234[0;39m [  ] [32m INFO[0;39m [35m274286[0;39m [2m---[0;39m [2m[  restartedMain][0;39m [36mcom.revature.Project1Application        [0;39m [2m:[0;39m Started Project1Application in 2.308 seconds (JVM running for 1437.295)
[2m2021-03-07 13:37:56.454[0;39m [ accountID=7, event=delete ] [32m INFO[0;39m [35m274286[0;39m [2m---[0;39m [2m[nio-8080-exec-2][0;39m [36mcom.revature.services.AccountService    [0;39m [2m:[0;39m Deleting account
[2m2021-03-07 13:37:56.699[0;39m [  ] [32m INFO[0;39m [35m274286[0;39m [2m---[0;39m [2m[nio-8080-exec-2][0;39m [36mcom.revature.services.AccountService    [0;39m [2m:[0;39m Account deleted
[2m2021-03-07 13:38:04.915[0;39m [ accountID=1, event=select ] [32m INFO[0;39m [35m274286[0;39m [2m---[0;39m [2m[nio-8080-exec-3][0;39m [36mcom.revature.services.AccountService    [0;39m [2m:[0;39m Retrieving account by ID
[2m2021-03-07 13:38:10.046[0;39m [ event=select ] [32m INFO[0;39m [35m274286[0;39m [2m---[0;39m [2m[nio-8080-exec-4][0;39m [36mcom.revature.services.UserService       [0;39m [2m:[0;39m Retrieving all users
[2m2021-03-07 13:39:05.399[0;39m [ event=select, userID=1 ] [32m INFO[0;39m [35m274286[0;39m [2m---[0;39m [2m[nio-8080-exec-5][0;39m [36mcom.revature.services.UserService       [0;39m [2m:[0;39m Retrieving user by ID
[2m2021-03-07 13:40:37.856[0;39m [ event=logout ] [32m INFO[0;39m [35m274286[0;39m [2m---[0;39m [2m[nio-8080-exec-9][0;39m [36mcom.revature.services.UserService       [0;39m [2m:[0;39m Logging out
[2m2021-03-07 13:40:37.869[0;39m [  ] [32m INFO[0;39m [35m274286[0;39m [2m---[0;39m [2m[nio-8080-exec-9][0;39m [36mcom.revature.services.UserService       [0;39m [2m:[0;39m Logged out
[2m2021-03-07 13:57:52.390[0;39m [  ] [32m INFO[0;39m [35m290544[0;39m [2m---[0;39m [2m[  restartedMain][0;39m [36mcom.revature.Project1Application        [0;39m [2m:[0;39m Starting Project1Application using Java 1.8.0_282 on matthew-g74sx with PID 290544 (/home/matthew/Revature/project1/target/classes started by matthew in /home/matthew/Revature/project1)
[2m2021-03-07 13:57:52.400[0;39m [  ] [32m INFO[0;39m [35m290544[0;39m [2m---[0;39m [2m[  restartedMain][0;39m [36mcom.revature.Project1Application        [0;39m [2m:[0;39m No active profile set, falling back to default profiles: default
[2m2021-03-07 13:57:59.591[0;39m [  ] [32m INFO[0;39m [35m290544[0;39m [2m---[0;39m [2m[  restartedMain][0;39m [36mcom.revature.Project1Application        [0;39m [2m:[0;39m Started Project1Application in 7.616 seconds (JVM running for 8.484)
[2m2021-03-07 13:58:05.776[0;39m [ event=select ] [32m INFO[0;39m [35m290544[0;39m [2m---[0;39m [2m[nio-8080-exec-1][0;39m [36mcom.revature.services.UserService       [0;39m [2m:[0;39m Retrieving all users
[2m2021-03-07 13:58:09.305[0;39m [ event=login ] [32m INFO[0;39m [35m290544[0;39m [2m---[0;39m [2m[nio-8080-exec-3][0;39m [36mcom.revature.services.UserService       [0;39m [2m:[0;39m Logging in
[2m2021-03-07 13:58:09.433[0;39m [ password=hunter2, userID=1 ] [32m INFO[0;39m [35m290544[0;39m [2m---[0;39m [2m[nio-8080-exec-3][0;39m [36mcom.revature.services.UserService       [0;39m [2m:[0;39m Logged in
[2m2021-03-07 13:58:11.936[0;39m [ accountID=1, event=select ] [32m INFO[0;39m [35m290544[0;39m [2m---[0;39m [2m[nio-8080-exec-4][0;39m [36mcom.revature.services.AccountService    [0;39m [2m:[0;39m Retrieving account by ID
[2m2021-03-07 13:58:15.542[0;39m [ event=create ] [32m INFO[0;39m [35m290544[0;39m [2m---[0;39m [2m[nio-8080-exec-5][0;39m [36mcom.revature.services.AccountService    [0;39m [2m:[0;39m Creating account
[2m2021-03-07 13:58:15.748[0;39m [ accountID=8 ] [32m INFO[0;39m [35m290544[0;39m [2m---[0;39m [2m[nio-8080-exec-5][0;39m [36mcom.revature.services.AccountService    [0;39m [2m:[0;39m Account created
[2m2021-03-07 13:59:17.980[0;39m [  ] [32m INFO[0;39m [35m290544[0;39m [2m---[0;39m [2m[nio-8080-exec-8][0;39m [36mcom.revature.services.TransferService   [0;39m [2m:[0;39m adding funds to account
[2m2021-03-07 13:59:18.176[0;39m [  ] [32m INFO[0;39m [35m290544[0;39m [2m---[0;39m [2m[nio-8080-exec-8][0;39m [36mcom.revature.services.TransferService   [0;39m [2m:[0;39m funds sucessfully added
[2m2021-03-07 13:59:25.638[0;39m [  ] [32m INFO[0;39m [35m290544[0;39m [2m---[0;39m [2m[nio-8080-exec-9][0;39m [36mcom.revature.services.TransferService   [0;39m [2m:[0;39m buying stock
[2m2021-03-07 13:59:25.870[0;39m [  ] [32m INFO[0;39m [35m290544[0;39m [2m---[0;39m [2m[nio-8080-exec-9][0;39m [36mcom.revature.services.TransferService   [0;39m [2m:[0;39m Stock bought
[2m2021-03-07 13:59:28.908[0;39m [  ] [32m INFO[0;39m [35m290544[0;39m [2m---[0;39m [2m[io-8080-exec-10][0;39m [36mcom.revature.services.TransferService   [0;39m [2m:[0;39m buying stock
[2m2021-03-07 13:59:42.807[0;39m [  ] [32m INFO[0;39m [35m290544[0;39m [2m---[0;39m [2m[nio-8080-exec-1][0;39m [36mcom.revature.services.TransferService   [0;39m [2m:[0;39m buying stock
[2m2021-03-07 13:59:46.334[0;39m [  ] [32m INFO[0;39m [35m290544[0;39m [2m---[0;39m [2m[nio-8080-exec-4][0;39m [36mcom.revature.services.TransferService   [0;39m [2m:[0;39m buying stock
[2m2021-03-07 13:59:56.077[0;39m [ event=select, userID=1 ] [32m INFO[0;39m [35m290544[0;39m [2m---[0;39m [2m[nio-8080-exec-6][0;39m [36mcom.revature.services.UserService       [0;39m [2m:[0;39m Retrieving user by ID
[2m2021-03-07 14:01:37.219[0;39m [  ] [32m INFO[0;39m [35m290544[0;39m [2m---[0;39m [2m[nio-8080-exec-9][0;39m [36mcom.revature.services.TransferService   [0;39m [2m:[0;39m buying stock
[2m2021-03-07 14:01:37.434[0;39m [  ] [32m INFO[0;39m [35m290544[0;39m [2m---[0;39m [2m[nio-8080-exec-9][0;39m [36mcom.revature.services.TransferService   [0;39m [2m:[0;39m Stock bought
[2m2021-03-07 14:01:44.620[0;39m [  ] [32m INFO[0;39m [35m290544[0;39m [2m---[0;39m [2m[io-8080-exec-10][0;39m [36mcom.revature.services.TransferService   [0;39m [2m:[0;39m buying stock
[2m2021-03-07 14:04:22.603[0;39m [  ] [32m INFO[0;39m [35m290544[0;39m [2m---[0;39m [2m[  restartedMain][0;39m [36mcom.revature.Project1Application        [0;39m [2m:[0;39m Starting Project1Application using Java 1.8.0_282 on matthew-g74sx with PID 290544 (/home/matthew/Revature/project1/target/classes started by matthew in /home/matthew/Revature/project1)
[2m2021-03-07 14:04:22.604[0;39m [  ] [32m INFO[0;39m [35m290544[0;39m [2m---[0;39m [2m[  restartedMain][0;39m [36mcom.revature.Project1Application        [0;39m [2m:[0;39m No active profile set, falling back to default profiles: default
[2m2021-03-07 14:04:26.103[0;39m [  ] [32m INFO[0;39m [35m290544[0;39m [2m---[0;39m [2m[  restartedMain][0;39m [36mcom.revature.Project1Application        [0;39m [2m:[0;39m Started Project1Application in 3.547 seconds (JVM running for 394.996)
[2m2021-03-07 14:04:28.586[0;39m [  ] [32m INFO[0;39m [35m290544[0;39m [2m---[0;39m [2m[nio-8080-exec-2][0;39m [36mcom.revature.services.TransferService   [0;39m [2m:[0;39m buying stock
[2m2021-03-07 14:07:10.751[0;39m [  ] [32m INFO[0;39m [35m290544[0;39m [2m---[0;39m [2m[  restartedMain][0;39m [36mcom.revature.Project1Application        [0;39m [2m:[0;39m Starting Project1Application using Java 1.8.0_282 on matthew-g74sx with PID 290544 (/home/matthew/Revature/project1/target/classes started by matthew in /home/matthew/Revature/project1)
[2m2021-03-07 14:07:10.754[0;39m [  ] [32m INFO[0;39m [35m290544[0;39m [2m---[0;39m [2m[  restartedMain][0;39m [36mcom.revature.Project1Application        [0;39m [2m:[0;39m No active profile set, falling back to default profiles: default
[2m2021-03-07 14:07:13.786[0;39m [  ] [32m INFO[0;39m [35m290544[0;39m [2m---[0;39m [2m[  restartedMain][0;39m [36mcom.revature.Project1Application        [0;39m [2m:[0;39m Started Project1Application in 3.161 seconds (JVM running for 562.678)
[2m2021-03-07 14:07:19.043[0;39m [ event=select ] [32m INFO[0;39m [35m290544[0;39m [2m---[0;39m [2m[nio-8080-exec-2][0;39m [36mcom.revature.services.UserService       [0;39m [2m:[0;39m Retrieving all users
[2m2021-03-07 14:07:26.566[0;39m [ event=login ] [32m INFO[0;39m [35m290544[0;39m [2m---[0;39m [2m[nio-8080-exec-3][0;39m [36mcom.revature.services.UserService       [0;39m [2m:[0;39m Logging in
[2m2021-03-07 14:07:26.651[0;39m [ password=hunter2, userID=1 ] [32m INFO[0;39m [35m290544[0;39m [2m---[0;39m [2m[nio-8080-exec-3][0;39m [36mcom.revature.services.UserService       [0;39m [2m:[0;39m Logged in
[2m2021-03-07 14:07:36.754[0;39m [ accountID=1, event=select ] [32m INFO[0;39m [35m290544[0;39m [2m---[0;39m [2m[nio-8080-exec-4][0;39m [36mcom.revature.services.AccountService    [0;39m [2m:[0;39m Retrieving account by ID
[2m2021-03-07 14:07:46.563[0;39m [ event=create ] [32m INFO[0;39m [35m290544[0;39m [2m---[0;39m [2m[nio-8080-exec-5][0;39m [36mcom.revature.services.AccountService    [0;39m [2m:[0;39m Creating account
[2m2021-03-07 14:07:46.739[0;39m [ accountID=6 ] [32m INFO[0;39m [35m290544[0;39m [2m---[0;39m [2m[nio-8080-exec-5][0;39m [36mcom.revature.services.AccountService    [0;39m [2m:[0;39m Account created
[2m2021-03-07 14:07:56.849[0;39m [  ] [32m INFO[0;39m [35m290544[0;39m [2m---[0;39m [2m[nio-8080-exec-6][0;39m [36mcom.revature.services.TransferService   [0;39m [2m:[0;39m adding funds to account
[2m2021-03-07 14:07:56.914[0;39m [  ] [32m INFO[0;39m [35m290544[0;39m [2m---[0;39m [2m[nio-8080-exec-6][0;39m [36mcom.revature.services.TransferService   [0;39m [2m:[0;39m funds sucessfully added
[2m2021-03-07 14:08:27.465[0;39m [ event=select ] [32m INFO[0;39m [35m290544[0;39m [2m---[0;39m [2m[nio-8080-exec-7][0;39m [36mcom.revature.services.StockService      [0;39m [2m:[0;39m Retrieving all stocks
[2m2021-03-07 14:08:42.551[0;39m [  ] [32m INFO[0;39m [35m290544[0;39m [2m---[0;39m [2m[nio-8080-exec-8][0;39m [36mcom.revature.services.TransferService   [0;39m [2m:[0;39m buying stock
[2m2021-03-07 14:08:42.835[0;39m [  ] [32m INFO[0;39m [35m290544[0;39m [2m---[0;39m [2m[nio-8080-exec-8][0;39m [36mcom.revature.services.TransferService   [0;39m [2m:[0;39m Stock bought
[2m2021-03-07 14:08:51.427[0;39m [  ] [32m INFO[0;39m [35m290544[0;39m [2m---[0;39m [2m[nio-8080-exec-9][0;39m [36mcom.revature.services.TransferService   [0;39m [2m:[0;39m transferring stock
[2m2021-03-07 14:09:12.939[0;39m [  ] [32m INFO[0;39m [35m290544[0;39m [2m---[0;39m [2m[  restartedMain][0;39m [36mcom.revature.Project1Application        [0;39m [2m:[0;39m Starting Project1Application using Java 1.8.0_282 on matthew-g74sx with PID 290544 (/home/matthew/Revature/project1/target/classes started by matthew in /home/matthew/Revature/project1)
[2m2021-03-07 14:09:12.940[0;39m [  ] [32m INFO[0;39m [35m290544[0;39m [2m---[0;39m [2m[  restartedMain][0;39m [36mcom.revature.Project1Application        [0;39m [2m:[0;39m No active profile set, falling back to default profiles: default
[2m2021-03-07 14:09:15.603[0;39m [  ] [32m INFO[0;39m [35m290544[0;39m [2m---[0;39m [2m[  restartedMain][0;39m [36mcom.revature.Project1Application        [0;39m [2m:[0;39m Started Project1Application in 2.702 seconds (JVM running for 684.496)
[2m2021-03-07 14:09:59.467[0;39m [  ] [32m INFO[0;39m [35m290544[0;39m [2m---[0;39m [2m[  restartedMain][0;39m [36mcom.revature.Project1Application        [0;39m [2m:[0;39m Starting Project1Application using Java 1.8.0_282 on matthew-g74sx with PID 290544 (/home/matthew/Revature/project1/target/classes started by matthew in /home/matthew/Revature/project1)
[2m2021-03-07 14:09:59.468[0;39m [  ] [32m INFO[0;39m [35m290544[0;39m [2m---[0;39m [2m[  restartedMain][0;39m [36mcom.revature.Project1Application        [0;39m [2m:[0;39m No active profile set, falling back to default profiles: default
[2m2021-03-07 14:10:02.885[0;39m [  ] [32m INFO[0;39m [35m290544[0;39m [2m---[0;39m [2m[  restartedMain][0;39m [36mcom.revature.Project1Application        [0;39m [2m:[0;39m Started Project1Application in 3.457 seconds (JVM running for 731.778)
[2m2021-03-07 14:10:03.724[0;39m [ accountID=1, event=select ] [32m INFO[0;39m [35m290544[0;39m [2m---[0;39m [2m[nio-8080-exec-2][0;39m [36mcom.revature.services.AccountService    [0;39m [2m:[0;39m Retrieving account by ID
[2m2021-03-07 14:10:19.014[0;39m [ accountID=6, event=delete ] [32m INFO[0;39m [35m290544[0;39m [2m---[0;39m [2m[nio-8080-exec-5][0;39m [36mcom.revature.services.AccountService    [0;39m [2m:[0;39m Deleting account
[2m2021-03-07 14:10:19.426[0;39m [  ] [32m INFO[0;39m [35m290544[0;39m [2m---[0;39m [2m[nio-8080-exec-5][0;39m [36mcom.revature.services.AccountService    [0;39m [2m:[0;39m Account deleted
[2m2021-03-07 14:10:23.398[0;39m [ event=create ] [32m INFO[0;39m [35m290544[0;39m [2m---[0;39m [2m[nio-8080-exec-6][0;39m [36mcom.revature.services.AccountService    [0;39m [2m:[0;39m Creating account
[2m2021-03-07 14:10:23.618[0;39m [ accountID=7 ] [32m INFO[0;39m [35m290544[0;39m [2m---[0;39m [2m[nio-8080-exec-6][0;39m [36mcom.revature.services.AccountService    [0;39m [2m:[0;39m Account created
[2m2021-03-07 14:12:13.069[0;39m [  ] [32m INFO[0;39m [35m296001[0;39m [2m---[0;39m [2m[  restartedMain][0;39m [36mcom.revature.Project1Application        [0;39m [2m:[0;39m Starting Project1Application using Java 1.8.0_282 on matthew-g74sx with PID 296001 (/home/matthew/Revature/project1/target/classes started by matthew in /home/matthew/Revature/project1)
[2m2021-03-07 14:12:13.102[0;39m [  ] [32m INFO[0;39m [35m296001[0;39m [2m---[0;39m [2m[  restartedMain][0;39m [36mcom.revature.Project1Application        [0;39m [2m:[0;39m No active profile set, falling back to default profiles: default
[2m2021-03-07 14:12:25.725[0;39m [  ] [32m INFO[0;39m [35m296001[0;39m [2m---[0;39m [2m[  restartedMain][0;39m [36mcom.revature.Project1Application        [0;39m [2m:[0;39m Started Project1Application in 13.141 seconds (JVM running for 14.975)
[2m2021-03-07 14:12:45.178[0;39m [ event=select ] [32m INFO[0;39m [35m296001[0;39m [2m---[0;39m [2m[nio-8080-exec-2][0;39m [36mcom.revature.services.UserService       [0;39m [2m:[0;39m Retrieving all users
[2m2021-03-07 14:12:48.847[0;39m [ event=login ] [32m INFO[0;39m [35m296001[0;39m [2m---[0;39m [2m[nio-8080-exec-3][0;39m [36mcom.revature.services.UserService       [0;39m [2m:[0;39m Logging in
[2m2021-03-07 14:12:48.951[0;39m [ password=hunter2, userID=1 ] [32m INFO[0;39m [35m296001[0;39m [2m---[0;39m [2m[nio-8080-exec-3][0;39m [36mcom.revature.services.UserService       [0;39m [2m:[0;39m Logged in
[2m2021-03-07 14:12:52.252[0;39m [ accountID=1, event=select ] [32m INFO[0;39m [35m296001[0;39m [2m---[0;39m [2m[nio-8080-exec-4][0;39m [36mcom.revature.services.AccountService    [0;39m [2m:[0;39m Retrieving account by ID
[2m2021-03-07 14:12:54.747[0;39m [ event=create ] [32m INFO[0;39m [35m296001[0;39m [2m---[0;39m [2m[nio-8080-exec-5][0;39m [36mcom.revature.services.AccountService    [0;39m [2m:[0;39m Creating account
[2m2021-03-07 14:12:54.963[0;39m [ accountID=6 ] [32m INFO[0;39m [35m296001[0;39m [2m---[0;39m [2m[nio-8080-exec-5][0;39m [36mcom.revature.services.AccountService    [0;39m [2m:[0;39m Account created
[2m2021-03-07 14:12:58.323[0;39m [  ] [32m INFO[0;39m [35m296001[0;39m [2m---[0;39m [2m[nio-8080-exec-6][0;39m [36mcom.revature.services.TransferService   [0;39m [2m:[0;39m adding funds to account
[2m2021-03-07 14:12:58.446[0;39m [  ] [32m INFO[0;39m [35m296001[0;39m [2m---[0;39m [2m[nio-8080-exec-6][0;39m [36mcom.revature.services.TransferService   [0;39m [2m:[0;39m funds sucessfully added
[2m2021-03-07 14:13:02.272[0;39m [ event=select ] [32m INFO[0;39m [35m296001[0;39m [2m---[0;39m [2m[nio-8080-exec-7][0;39m [36mcom.revature.services.StockService      [0;39m [2m:[0;39m Retrieving all stocks
[2m2021-03-07 14:13:04.892[0;39m [  ] [32m INFO[0;39m [35m296001[0;39m [2m---[0;39m [2m[nio-8080-exec-8][0;39m [36mcom.revature.services.TransferService   [0;39m [2m:[0;39m buying stock
[2m2021-03-07 14:13:05.149[0;39m [  ] [32m INFO[0;39m [35m296001[0;39m [2m---[0;39m [2m[nio-8080-exec-8][0;39m [36mcom.revature.services.TransferService   [0;39m [2m:[0;39m Stock bought
[2m2021-03-07 14:13:08.617[0;39m [  ] [32m INFO[0;39m [35m296001[0;39m [2m---[0;39m [2m[nio-8080-exec-9][0;39m [36mcom.revature.services.TransferService   [0;39m [2m:[0;39m transferring stock
[2m2021-03-07 14:13:09.123[0;39m [  ] [32m INFO[0;39m [35m296001[0;39m [2m---[0;39m [2m[nio-8080-exec-9][0;39m [36mcom.revature.services.TransferService   [0;39m [2m:[0;39m stock transferred
[2m2021-03-07 14:13:20.803[0;39m [ event=login ] [32m INFO[0;39m [35m296001[0;39m [2m---[0;39m [2m[nio-8080-exec-2][0;39m [36mcom.revature.services.UserService       [0;39m [2m:[0;39m Logging in
[2m2021-03-07 14:13:20.880[0;39m [ password=hunter2, userID=1 ] [32m INFO[0;39m [35m296001[0;39m [2m---[0;39m [2m[nio-8080-exec-2][0;39m [36mcom.revature.services.UserService       [0;39m [2m:[0;39m Logged in
[2m2021-03-07 14:13:27.910[0;39m [ accountID=6, event=delete ] [32m INFO[0;39m [35m296001[0;39m [2m---[0;39m [2m[nio-8080-exec-5][0;39m [36mcom.revature.services.AccountService    [0;39m [2m:[0;39m Deleting account
[2m2021-03-07 14:13:28.160[0;39m [  ] [32m INFO[0;39m [35m296001[0;39m [2m---[0;39m [2m[nio-8080-exec-5][0;39m [36mcom.revature.services.AccountService    [0;39m [2m:[0;39m Account deleted
[2m2021-03-07 14:13:45.261[0;39m [ event=select, userID=1 ] [32m INFO[0;39m [35m296001[0;39m [2m---[0;39m [2m[nio-8080-exec-8][0;39m [36mcom.revature.services.UserService       [0;39m [2m:[0;39m Retrieving user by ID
[2m2021-03-07 15:04:14.876[0;39m [  ] [32m INFO[0;39m [35m313384[0;39m [2m---[0;39m [2m[  restartedMain][0;39m [36mcom.revature.Project1Application        [0;39m [2m:[0;39m Starting Project1Application using Java 1.8.0_282 on matthew-g74sx with PID 313384 (/home/matthew/Revature/project1/target/classes started by matthew in /home/matthew/Revature/project1)
[2m2021-03-07 15:04:14.890[0;39m [  ] [32m INFO[0;39m [35m313384[0;39m [2m---[0;39m [2m[  restartedMain][0;39m [36mcom.revature.Project1Application        [0;39m [2m:[0;39m No active profile set, falling back to default profiles: default
[2m2021-03-07 15:04:25.048[0;39m [  ] [32m INFO[0;39m [35m313384[0;39m [2m---[0;39m [2m[  restartedMain][0;39m [36mcom.revature.Project1Application        [0;39m [2m:[0;39m Started Project1Application in 11.185 seconds (JVM running for 13.868)
[2m2021-03-07 15:04:27.563[0;39m [ event=select ] [32m INFO[0;39m [35m313384[0;39m [2m---[0;39m [2m[nio-8080-exec-2][0;39m [36mcom.revature.services.UserService       [0;39m [2m:[0;39m Retrieving all users
[2m2021-03-07 15:04:30.566[0;39m [ event=login ] [32m INFO[0;39m [35m313384[0;39m [2m---[0;39m [2m[nio-8080-exec-3][0;39m [36mcom.revature.services.UserService       [0;39m [2m:[0;39m Logging in
[2m2021-03-07 15:04:30.670[0;39m [ password=hunter2, userID=1 ] [32m INFO[0;39m [35m313384[0;39m [2m---[0;39m [2m[nio-8080-exec-3][0;39m [36mcom.revature.services.UserService       [0;39m [2m:[0;39m Logged in
[2m2021-03-07 15:04:33.145[0;39m [ accountID=1, event=select ] [32m INFO[0;39m [35m313384[0;39m [2m---[0;39m [2m[nio-8080-exec-4][0;39m [36mcom.revature.services.AccountService    [0;39m [2m:[0;39m Retrieving account by ID
[2m2021-03-07 15:04:35.910[0;39m [ event=create ] [32m INFO[0;39m [35m313384[0;39m [2m---[0;39m [2m[nio-8080-exec-5][0;39m [36mcom.revature.services.AccountService    [0;39m [2m:[0;39m Creating account
[2m2021-03-07 15:04:36.139[0;39m [ accountID=6 ] [32m INFO[0;39m [35m313384[0;39m [2m---[0;39m [2m[nio-8080-exec-5][0;39m [36mcom.revature.services.AccountService    [0;39m [2m:[0;39m Account created
[2m2021-03-07 15:04:39.742[0;39m [ accountID=6, amount=1000.0, event=add funds ] [32m INFO[0;39m [35m313384[0;39m [2m---[0;39m [2m[nio-8080-exec-6][0;39m [36mcom.revature.services.TransferService   [0;39m [2m:[0;39m adding funds to account
[2m2021-03-07 15:04:39.862[0;39m [ accountID=6, amount=1000.0, event=add funds ] [32m INFO[0;39m [35m313384[0;39m [2m---[0;39m [2m[nio-8080-exec-6][0;39m [36mcom.revature.services.TransferService   [0;39m [2m:[0;39m funds sucessfully added
[2m2021-03-07 15:04:41.761[0;39m [ event=select ] [32m INFO[0;39m [35m313384[0;39m [2m---[0;39m [2m[nio-8080-exec-7][0;39m [36mcom.revature.services.StockService      [0;39m [2m:[0;39m Retrieving all stocks
[2m2021-03-07 15:04:45.421[0;39m [ accountID=6, amount=5.0, stockID=1, event=buy ] [32m INFO[0;39m [35m313384[0;39m [2m---[0;39m [2m[nio-8080-exec-8][0;39m [36mcom.revature.services.TransferService   [0;39m [2m:[0;39m buying stock
[2m2021-03-07 15:04:45.681[0;39m [ accountID=6, amount=5.0, stockID=1, event=buy ] [32m INFO[0;39m [35m313384[0;39m [2m---[0;39m [2m[nio-8080-exec-8][0;39m [36mcom.revature.services.TransferService   [0;39m [2m:[0;39m Stock bought
[2m2021-03-07 15:04:50.500[0;39m [ amount=5.0, sellAccountID=1, StockID=1, buyAccountID=1, event=transfer stock ] [32m INFO[0;39m [35m313384[0;39m [2m---[0;39m [2m[nio-8080-exec-9][0;39m [36mcom.revature.services.TransferService   [0;39m [2m:[0;39m transferring stock
[2m2021-03-07 15:04:50.945[0;39m [ amount=5.0, sellAccountID=1, StockID=1, buyAccountID=1, event=transfer stock ] [32m INFO[0;39m [35m313384[0;39m [2m---[0;39m [2m[nio-8080-exec-9][0;39m [36mcom.revature.services.TransferService   [0;39m [2m:[0;39m stock transferred
[2m2021-03-07 15:04:57.522[0;39m [ amount=1000.0, event=withdrawl funds, accounID=6 ] [32m INFO[0;39m [35m313384[0;39m [2m---[0;39m [2m[io-8080-exec-10][0;39m [36mcom.revature.services.TransferService   [0;39m [2m:[0;39m Withdrawling funds
[2m2021-03-07 15:04:57.524[0;39m [ amount=1000.0, event=withdrawl funds, accounID=6 ] [32m INFO[0;39m [35m313384[0;39m [2m---[0;39m [2m[io-8080-exec-10][0;39m [36mcom.revature.services.TransferService   [0;39m [2m:[0;39m funds withdrawn
[2m2021-03-07 15:05:01.025[0;39m [ accountID=6, event=delete ] [32m INFO[0;39m [35m313384[0;39m [2m---[0;39m [2m[nio-8080-exec-1][0;39m [36mcom.revature.services.AccountService    [0;39m [2m:[0;39m Deleting account
[2m2021-03-07 15:05:01.262[0;39m [  ] [32m INFO[0;39m [35m313384[0;39m [2m---[0;39m [2m[nio-8080-exec-1][0;39m [36mcom.revature.services.AccountService    [0;39m [2m:[0;39m Account deleted
[2m2021-03-07 15:05:03.821[0;39m [ event=select, userID=1 ] [32m INFO[0;39m [35m313384[0;39m [2m---[0;39m [2m[nio-8080-exec-2][0;39m [36mcom.revature.services.UserService       [0;39m [2m:[0;39m Retrieving user by ID
[2m2021-03-07 15:05:06.648[0;39m [ event=logout ] [32m INFO[0;39m [35m313384[0;39m [2m---[0;39m [2m[nio-8080-exec-3][0;39m [36mcom.revature.services.UserService       [0;39m [2m:[0;39m Logging out
[2m2021-03-07 15:05:06.649[0;39m [  ] [32m INFO[0;39m [35m313384[0;39m [2m---[0;39m [2m[nio-8080-exec-3][0;39m [36mcom.revature.services.UserService       [0;39m [2m:[0;39m Logged out
[2m2021-03-07 15:06:18.137[0;39m [  ] [32m INFO[0;39m [35m313384[0;39m [2m---[0;39m [2m[  restartedMain][0;39m [36mcom.revature.Project1Application        [0;39m [2m:[0;39m Starting Project1Application using Java 1.8.0_282 on matthew-g74sx with PID 313384 (/home/matthew/Revature/project1/target/classes started by matthew in /home/matthew/Revature/project1)
[2m2021-03-07 15:06:18.138[0;39m [  ] [32m INFO[0;39m [35m313384[0;39m [2m---[0;39m [2m[  restartedMain][0;39m [36mcom.revature.Project1Application        [0;39m [2m:[0;39m No active profile set, falling back to default profiles: default
[2m2021-03-07 15:06:20.852[0;39m [  ] [32m INFO[0;39m [35m313384[0;39m [2m---[0;39m [2m[  restartedMain][0;39m [36mcom.revature.Project1Application        [0;39m [2m:[0;39m Started Project1Application in 2.756 seconds (JVM running for 129.672)
[2m2021-03-07 15:06:36.486[0;39m [  ] [32m INFO[0;39m [35m313384[0;39m [2m---[0;39m [2m[  restartedMain][0;39m [36mcom.revature.Project1Application        [0;39m [2m:[0;39m Starting Project1Application using Java 1.8.0_282 on matthew-g74sx with PID 313384 (/home/matthew/Revature/project1/target/classes started by matthew in /home/matthew/Revature/project1)
[2m2021-03-07 15:06:36.487[0;39m [  ] [32m INFO[0;39m [35m313384[0;39m [2m---[0;39m [2m[  restartedMain][0;39m [36mcom.revature.Project1Application        [0;39m [2m:[0;39m No active profile set, falling back to default profiles: default
[2m2021-03-07 15:06:38.719[0;39m [  ] [32m INFO[0;39m [35m313384[0;39m [2m---[0;39m [2m[  restartedMain][0;39m [36mcom.revature.Project1Application        [0;39m [2m:[0;39m Started Project1Application in 2.271 seconds (JVM running for 147.539)
[2m2021-03-07 15:08:26.841[0;39m [  ] [32m INFO[0;39m [35m313384[0;39m [2m---[0;39m [2m[  restartedMain][0;39m [36mcom.revature.Project1Application        [0;39m [2m:[0;39m Starting Project1Application using Java 1.8.0_282 on matthew-g74sx with PID 313384 (/home/matthew/Revature/project1/target/classes started by matthew in /home/matthew/Revature/project1)
[2m2021-03-07 15:08:26.842[0;39m [  ] [32m INFO[0;39m [35m313384[0;39m [2m---[0;39m [2m[  restartedMain][0;39m [36mcom.revature.Project1Application        [0;39m [2m:[0;39m No active profile set, falling back to default profiles: default
[2m2021-03-07 15:08:29.572[0;39m [  ] [32m INFO[0;39m [35m313384[0;39m [2m---[0;39m [2m[  restartedMain][0;39m [36mcom.revature.Project1Application        [0;39m [2m:[0;39m Started Project1Application in 2.767 seconds (JVM running for 258.391)
[2m2021-03-07 15:09:06.433[0;39m [  ] [32m INFO[0;39m [35m313384[0;39m [2m---[0;39m [2m[  restartedMain][0;39m [36mcom.revature.Project1Application        [0;39m [2m:[0;39m Starting Project1Application using Java 1.8.0_282 on matthew-g74sx with PID 313384 (/home/matthew/Revature/project1/target/classes started by matthew in /home/matthew/Revature/project1)
[2m2021-03-07 15:09:06.435[0;39m [  ] [32m INFO[0;39m [35m313384[0;39m [2m---[0;39m [2m[  restartedMain][0;39m [36mcom.revature.Project1Application        [0;39m [2m:[0;39m No active profile set, falling back to default profiles: default
[2m2021-03-07 15:09:08.914[0;39m [  ] [32m INFO[0;39m [35m313384[0;39m [2m---[0;39m [2m[  restartedMain][0;39m [36mcom.revature.Project1Application        [0;39m [2m:[0;39m Started Project1Application in 2.515 seconds (JVM running for 297.734)
2021-03-07 15:15:22.203 [  ]  INFO 317624 --- [           main] com.revature.Project1ApplicationTests    : Starting Project1ApplicationTests using Java 1.8.0_282 on matthew-g74sx with PID 317624 (started by matthew in /home/matthew/Revature/project1)
2021-03-07 15:15:22.219 [  ]  INFO 317624 --- [           main] com.revature.Project1ApplicationTests    : No active profile set, falling back to default profiles: default
2021-03-07 15:15:34.988 [  ]  INFO 317624 --- [           main] com.revature.Project1ApplicationTests    : Started Project1ApplicationTests in 13.187 seconds (JVM running for 15.266)
2021-03-07 18:02:42.069 [  ]  INFO 363953 --- [           main] com.revature.Project1ApplicationTests    : Starting Project1ApplicationTests using Java 1.8.0_282 on matthew-g74sx with PID 363953 (started by matthew in /home/matthew/Revature/project1)
2021-03-07 18:02:42.185 [  ]  INFO 363953 --- [           main] com.revature.Project1ApplicationTests    : No active profile set, falling back to default profiles: default
2021-03-07 18:02:58.049 [  ]  INFO 363953 --- [           main] com.revature.Project1ApplicationTests    : Started Project1ApplicationTests in 16.573 seconds (JVM running for 22.873)
2021-03-07 18:08:37.397 [  ]  INFO 365604 --- [           main] com.revature.Project1ApplicationTests    : Starting Project1ApplicationTests using Java 1.8.0_282 on matthew-g74sx with PID 365604 (started by matthew in /home/matthew/Revature/project1)
2021-03-07 18:08:37.410 [  ]  INFO 365604 --- [           main] com.revature.Project1ApplicationTests    : No active profile set, falling back to default profiles: default
2021-03-07 18:08:49.023 [  ]  INFO 365604 --- [           main] com.revature.Project1ApplicationTests    : Started Project1ApplicationTests in 12.044 seconds (JVM running for 13.404)
2021-03-07 18:18:16.535 [  ]  INFO 367920 --- [           main] com.revature.Project1ApplicationTests    : Starting Project1ApplicationTests using Java 1.8.0_282 on matthew-g74sx with PID 367920 (started by matthew in /home/matthew/Revature/project1)
2021-03-07 18:18:16.564 [  ]  INFO 367920 --- [           main] com.revature.Project1ApplicationTests    : No active profile set, falling back to default profiles: default
2021-03-07 18:18:27.445 [  ]  INFO 367920 --- [           main] com.revature.Project1ApplicationTests    : Started Project1ApplicationTests in 11.322 seconds (JVM running for 12.638)
2021-03-07 18:25:24.339 [  ]  INFO 369989 --- [           main] com.revature.Project1ApplicationTests    : Starting Project1ApplicationTests using Java 1.8.0_282 on matthew-g74sx with PID 369989 (started by matthew in /home/matthew/Revature/project1)
2021-03-07 18:25:24.356 [  ]  INFO 369989 --- [           main] com.revature.Project1ApplicationTests    : No active profile set, falling back to default profiles: default
2021-03-07 18:25:36.487 [  ]  INFO 369989 --- [           main] com.revature.Project1ApplicationTests    : Started Project1ApplicationTests in 12.57 seconds (JVM running for 14.226)
[2m2021-03-07 21:07:50.938[0;39m [  ] [32m INFO[0;39m [35m390488[0;39m [2m---[0;39m [2m[  restartedMain][0;39m [36mcom.revature.Project1Application        [0;39m [2m:[0;39m Starting Project1Application using Java 1.8.0_282 on matthew-g74sx with PID 390488 (/home/matthew/Revature/project1/target/classes started by matthew in /home/matthew/Revature/project1)
[2m2021-03-07 21:07:50.972[0;39m [  ] [32m INFO[0;39m [35m390488[0;39m [2m---[0;39m [2m[  restartedMain][0;39m [36mcom.revature.Project1Application        [0;39m [2m:[0;39m No active profile set, falling back to default profiles: default
[2m2021-03-07 21:08:04.650[0;39m [  ] [32m INFO[0;39m [35m390488[0;39m [2m---[0;39m [2m[  restartedMain][0;39m [36mcom.revature.Project1Application        [0;39m [2m:[0;39m Started Project1Application in 14.753 seconds (JVM running for 15.857)
[2m2021-03-07 21:09:03.868[0;39m [ event=login ] [32m INFO[0;39m [35m390488[0;39m [2m---[0;39m [2m[nio-8080-exec-1][0;39m [36mcom.revature.services.UserService       [0;39m [2m:[0;39m Logging in
[2m2021-03-07 21:09:04.295[0;39m [ password=hunter2, userID=1 ] [32m INFO[0;39m [35m390488[0;39m [2m---[0;39m [2m[nio-8080-exec-1][0;39m [36mcom.revature.services.UserService       [0;39m [2m:[0;39m Logged in
[2m2021-03-07 21:09:10.200[0;39m [ accountID=6, amount=5.0, stockID=1, event=buy ] [32m INFO[0;39m [35m390488[0;39m [2m---[0;39m [2m[nio-8080-exec-2][0;39m [36mcom.revature.services.TransferService   [0;39m [2m:[0;39m buying stock
[2m2021-03-07 21:09:10.586[0;39m [ accountID=6, amount=5.0, stockID=1, event=buy ] [32m INFO[0;39m [35m390488[0;39m [2m---[0;39m [2m[nio-8080-exec-2][0;39m [36mcom.revature.services.TransferService   [0;39m [2m:[0;39m Stock bought
[2m2021-03-07 21:09:12.625[0;39m [ accountID=6, amount=5.0, stockID=1, event=buy ] [32m INFO[0;39m [35m390488[0;39m [2m---[0;39m [2m[nio-8080-exec-3][0;39m [36mcom.revature.services.TransferService   [0;39m [2m:[0;39m buying stock
[2m2021-03-07 21:09:12.896[0;39m [ accountID=6, amount=5.0, stockID=1, event=buy ] [32m INFO[0;39m [35m390488[0;39m [2m---[0;39m [2m[nio-8080-exec-3][0;39m [36mcom.revature.services.TransferService   [0;39m [2m:[0;39m Stock bought
[2m2021-03-07 21:09:14.673[0;39m [ accountID=6, amount=5.0, stockID=1, event=buy ] [32m INFO[0;39m [35m390488[0;39m [2m---[0;39m [2m[nio-8080-exec-4][0;39m [36mcom.revature.services.TransferService   [0;39m [2m:[0;39m buying stock
